have_library: checking for BIO_read() in -lcrypto... -------------------- yes

"xcrun clang -o conftest -I/Applications/Xcode.app/Contents/Developer/Platforms/MacOSX.platform/Developer/SDKs/MacOSX15.1.sdk/System/Library/Frameworks/Ruby.framework/Versions/2.6/usr/include/ruby-2.6.0/universal-darwin24 -I/Applications/Xcode.app/Contents/Developer/Platforms/MacOSX.platform/Developer/SDKs/MacOSX15.1.sdk/System/Library/Frameworks/Ruby.framework/Versions/2.6/usr/include/ruby-2.6.0/ruby/backward -I/Applications/Xcode.app/Contents/Developer/Platforms/MacOSX.platform/Developer/SDKs/MacOSX15.1.sdk/System/Library/Frameworks/Ruby.framework/Versions/2.6/usr/include/ruby-2.6.0 -I. -I/AppleInternal/Library/BuildRoots/1c8f7852-1ca9-11f0-b28b-226177e5bb69/Applications/Xcode.app/Contents/Developer/Platforms/MacOSX.platform/Developer/SDKs/MacOSX15.5.Internal.sdk/usr/local/libressl-by-deployment-target/14.0/include -D_XOPEN_SOURCE -D_DARWIN_C_SOURCE -D_DARWIN_UNLIMITED_SELECT -D_REENTRANT    -g -Os -pipe -DHAVE_GCC_ATOMIC_BUILTINS -fno-typed-memory-operations -fno-typed-cxx-new-delete -DUSE_FFI_CLOSURE_ALLOC conftest.c  -L. -L/System/Library/Frameworks/Ruby.framework/Versions/2.6/usr/lib -L/AppleInternal/Library/BuildRoots/1c8f7852-1ca9-11f0-b28b-226177e5bb69/Applications/Xcode.app/Contents/Developer/Platforms/MacOSX.platform/Developer/SDKs/MacOSX15.5.Internal.sdk/usr/local/libressl-by-deployment-target/14.0/lib -L. -L/AppleInternal/Library/BuildRoots/1c8f7852-1ca9-11f0-b28b-226177e5bb69/Applications/Xcode.app/Contents/Developer/Platforms/MacOSX.platform/Developer/SDKs/MacOSX15.5.Internal.sdk/usr/local/lib     -lruby.2.6   "
ld: warning: search path '/AppleInternal/Library/BuildRoots/1c8f7852-1ca9-11f0-b28b-226177e5bb69/Applications/Xcode.app/Contents/Developer/Platforms/MacOSX.platform/Developer/SDKs/MacOSX15.5.Internal.sdk/usr/local/libressl-by-deployment-target/14.0/lib' not found
ld: warning: search path '/AppleInternal/Library/BuildRoots/1c8f7852-1ca9-11f0-b28b-226177e5bb69/Applications/Xcode.app/Contents/Developer/Platforms/MacOSX.platform/Developer/SDKs/MacOSX15.5.Internal.sdk/usr/local/lib' not found
checked program was:
/* begin */
1: #include "ruby.h"
2: 
3: int main(int argc, char **argv)
4: {
5:   return 0;
6: }
/* end */

"xcrun clang -o conftest -I/Applications/Xcode.app/Contents/Developer/Platforms/MacOSX.platform/Developer/SDKs/MacOSX15.1.sdk/System/Library/Frameworks/Ruby.framework/Versions/2.6/usr/include/ruby-2.6.0/universal-darwin24 -I/Applications/Xcode.app/Contents/Developer/Platforms/MacOSX.platform/Developer/SDKs/MacOSX15.1.sdk/System/Library/Frameworks/Ruby.framework/Versions/2.6/usr/include/ruby-2.6.0/ruby/backward -I/Applications/Xcode.app/Contents/Developer/Platforms/MacOSX.platform/Developer/SDKs/MacOSX15.1.sdk/System/Library/Frameworks/Ruby.framework/Versions/2.6/usr/include/ruby-2.6.0 -I. -I/AppleInternal/Library/BuildRoots/1c8f7852-1ca9-11f0-b28b-226177e5bb69/Applications/Xcode.app/Contents/Developer/Platforms/MacOSX.platform/Developer/SDKs/MacOSX15.5.Internal.sdk/usr/local/libressl-by-deployment-target/14.0/include -D_XOPEN_SOURCE -D_DARWIN_C_SOURCE -D_DARWIN_UNLIMITED_SELECT -D_REENTRANT    -g -Os -pipe -DHAVE_GCC_ATOMIC_BUILTINS -fno-typed-memory-operations -fno-typed-cxx-new-delete -DUSE_FFI_CLOSURE_ALLOC conftest.c  -L. -L/System/Library/Frameworks/Ruby.framework/Versions/2.6/usr/lib -L/AppleInternal/Library/BuildRoots/1c8f7852-1ca9-11f0-b28b-226177e5bb69/Applications/Xcode.app/Contents/Developer/Platforms/MacOSX.platform/Developer/SDKs/MacOSX15.5.Internal.sdk/usr/local/libressl-by-deployment-target/14.0/lib -L. -L/AppleInternal/Library/BuildRoots/1c8f7852-1ca9-11f0-b28b-226177e5bb69/Applications/Xcode.app/Contents/Developer/Platforms/MacOSX.platform/Developer/SDKs/MacOSX15.5.Internal.sdk/usr/local/lib     -lruby.2.6 -lcrypto   "
conftest.c:14:57: error: use of undeclared identifier 'BIO_read'
   14 | int t(void) { void ((*volatile p)()); p = (void ((*)()))BIO_read; return !p; }
      |                                                         ^
1 error generated.
checked program was:
/* begin */
 1: #include "ruby.h"
 2: 
 3: /*top*/
 4: extern int t(void);
 5: int main(int argc, char **argv)
 6: {
 7:   if (argc > 1000000) {
 8:     int (* volatile tp)(void)=(int (*)(void))&t;
 9:     printf("%d", (*tp)());
10:   }
11: 
12:   return 0;
13: }
14: int t(void) { void ((*volatile p)()); p = (void ((*)()))BIO_read; return !p; }
/* end */

"xcrun clang -o conftest -I/Applications/Xcode.app/Contents/Developer/Platforms/MacOSX.platform/Developer/SDKs/MacOSX15.1.sdk/System/Library/Frameworks/Ruby.framework/Versions/2.6/usr/include/ruby-2.6.0/universal-darwin24 -I/Applications/Xcode.app/Contents/Developer/Platforms/MacOSX.platform/Developer/SDKs/MacOSX15.1.sdk/System/Library/Frameworks/Ruby.framework/Versions/2.6/usr/include/ruby-2.6.0/ruby/backward -I/Applications/Xcode.app/Contents/Developer/Platforms/MacOSX.platform/Developer/SDKs/MacOSX15.1.sdk/System/Library/Frameworks/Ruby.framework/Versions/2.6/usr/include/ruby-2.6.0 -I. -I/AppleInternal/Library/BuildRoots/1c8f7852-1ca9-11f0-b28b-226177e5bb69/Applications/Xcode.app/Contents/Developer/Platforms/MacOSX.platform/Developer/SDKs/MacOSX15.5.Internal.sdk/usr/local/libressl-by-deployment-target/14.0/include -D_XOPEN_SOURCE -D_DARWIN_C_SOURCE -D_DARWIN_UNLIMITED_SELECT -D_REENTRANT    -g -Os -pipe -DHAVE_GCC_ATOMIC_BUILTINS -fno-typed-memory-operations -fno-typed-cxx-new-delete -DUSE_FFI_CLOSURE_ALLOC conftest.c  -L. -L/System/Library/Frameworks/Ruby.framework/Versions/2.6/usr/lib -L/AppleInternal/Library/BuildRoots/1c8f7852-1ca9-11f0-b28b-226177e5bb69/Applications/Xcode.app/Contents/Developer/Platforms/MacOSX.platform/Developer/SDKs/MacOSX15.5.Internal.sdk/usr/local/libressl-by-deployment-target/14.0/lib -L. -L/AppleInternal/Library/BuildRoots/1c8f7852-1ca9-11f0-b28b-226177e5bb69/Applications/Xcode.app/Contents/Developer/Platforms/MacOSX.platform/Developer/SDKs/MacOSX15.5.Internal.sdk/usr/local/lib     -lruby.2.6 -lcrypto   "
ld: warning: search path '/AppleInternal/Library/BuildRoots/1c8f7852-1ca9-11f0-b28b-226177e5bb69/Applications/Xcode.app/Contents/Developer/Platforms/MacOSX.platform/Developer/SDKs/MacOSX15.5.Internal.sdk/usr/local/libressl-by-deployment-target/14.0/lib' not found
ld: warning: search path '/AppleInternal/Library/BuildRoots/1c8f7852-1ca9-11f0-b28b-226177e5bb69/Applications/Xcode.app/Contents/Developer/Platforms/MacOSX.platform/Developer/SDKs/MacOSX15.5.Internal.sdk/usr/local/lib' not found
checked program was:
/* begin */
 1: #include "ruby.h"
 2: 
 3: /*top*/
 4: extern int t(void);
 5: int main(int argc, char **argv)
 6: {
 7:   if (argc > 1000000) {
 8:     int (* volatile tp)(void)=(int (*)(void))&t;
 9:     printf("%d", (*tp)());
10:   }
11: 
12:   return 0;
13: }
14: extern void BIO_read();
15: int t(void) { BIO_read(); return 0; }
/* end */

--------------------

have_library: checking for SSL_CTX_new() in -lssl... -------------------- yes

"xcrun clang -o conftest -I/Applications/Xcode.app/Contents/Developer/Platforms/MacOSX.platform/Developer/SDKs/MacOSX15.1.sdk/System/Library/Frameworks/Ruby.framework/Versions/2.6/usr/include/ruby-2.6.0/universal-darwin24 -I/Applications/Xcode.app/Contents/Developer/Platforms/MacOSX.platform/Developer/SDKs/MacOSX15.1.sdk/System/Library/Frameworks/Ruby.framework/Versions/2.6/usr/include/ruby-2.6.0/ruby/backward -I/Applications/Xcode.app/Contents/Developer/Platforms/MacOSX.platform/Developer/SDKs/MacOSX15.1.sdk/System/Library/Frameworks/Ruby.framework/Versions/2.6/usr/include/ruby-2.6.0 -I. -I/AppleInternal/Library/BuildRoots/1c8f7852-1ca9-11f0-b28b-226177e5bb69/Applications/Xcode.app/Contents/Developer/Platforms/MacOSX.platform/Developer/SDKs/MacOSX15.5.Internal.sdk/usr/local/libressl-by-deployment-target/14.0/include -D_XOPEN_SOURCE -D_DARWIN_C_SOURCE -D_DARWIN_UNLIMITED_SELECT -D_REENTRANT    -g -Os -pipe -DHAVE_GCC_ATOMIC_BUILTINS -fno-typed-memory-operations -fno-typed-cxx-new-delete -DUSE_FFI_CLOSURE_ALLOC conftest.c  -L. -L/System/Library/Frameworks/Ruby.framework/Versions/2.6/usr/lib -L/AppleInternal/Library/BuildRoots/1c8f7852-1ca9-11f0-b28b-226177e5bb69/Applications/Xcode.app/Contents/Developer/Platforms/MacOSX.platform/Developer/SDKs/MacOSX15.5.Internal.sdk/usr/local/libressl-by-deployment-target/14.0/lib -L. -L/AppleInternal/Library/BuildRoots/1c8f7852-1ca9-11f0-b28b-226177e5bb69/Applications/Xcode.app/Contents/Developer/Platforms/MacOSX.platform/Developer/SDKs/MacOSX15.5.Internal.sdk/usr/local/lib    -lcrypto  -lruby.2.6 -lssl -lcrypto   "
conftest.c:14:57: error: use of undeclared identifier 'SSL_CTX_new'
   14 | int t(void) { void ((*volatile p)()); p = (void ((*)()))SSL_CTX_new; return !p; }
      |                                                         ^
1 error generated.
checked program was:
/* begin */
 1: #include "ruby.h"
 2: 
 3: /*top*/
 4: extern int t(void);
 5: int main(int argc, char **argv)
 6: {
 7:   if (argc > 1000000) {
 8:     int (* volatile tp)(void)=(int (*)(void))&t;
 9:     printf("%d", (*tp)());
10:   }
11: 
12:   return 0;
13: }
14: int t(void) { void ((*volatile p)()); p = (void ((*)()))SSL_CTX_new; return !p; }
/* end */

"xcrun clang -o conftest -I/Applications/Xcode.app/Contents/Developer/Platforms/MacOSX.platform/Developer/SDKs/MacOSX15.1.sdk/System/Library/Frameworks/Ruby.framework/Versions/2.6/usr/include/ruby-2.6.0/universal-darwin24 -I/Applications/Xcode.app/Contents/Developer/Platforms/MacOSX.platform/Developer/SDKs/MacOSX15.1.sdk/System/Library/Frameworks/Ruby.framework/Versions/2.6/usr/include/ruby-2.6.0/ruby/backward -I/Applications/Xcode.app/Contents/Developer/Platforms/MacOSX.platform/Developer/SDKs/MacOSX15.1.sdk/System/Library/Frameworks/Ruby.framework/Versions/2.6/usr/include/ruby-2.6.0 -I. -I/AppleInternal/Library/BuildRoots/1c8f7852-1ca9-11f0-b28b-226177e5bb69/Applications/Xcode.app/Contents/Developer/Platforms/MacOSX.platform/Developer/SDKs/MacOSX15.5.Internal.sdk/usr/local/libressl-by-deployment-target/14.0/include -D_XOPEN_SOURCE -D_DARWIN_C_SOURCE -D_DARWIN_UNLIMITED_SELECT -D_REENTRANT    -g -Os -pipe -DHAVE_GCC_ATOMIC_BUILTINS -fno-typed-memory-operations -fno-typed-cxx-new-delete -DUSE_FFI_CLOSURE_ALLOC conftest.c  -L. -L/System/Library/Frameworks/Ruby.framework/Versions/2.6/usr/lib -L/AppleInternal/Library/BuildRoots/1c8f7852-1ca9-11f0-b28b-226177e5bb69/Applications/Xcode.app/Contents/Developer/Platforms/MacOSX.platform/Developer/SDKs/MacOSX15.5.Internal.sdk/usr/local/libressl-by-deployment-target/14.0/lib -L. -L/AppleInternal/Library/BuildRoots/1c8f7852-1ca9-11f0-b28b-226177e5bb69/Applications/Xcode.app/Contents/Developer/Platforms/MacOSX.platform/Developer/SDKs/MacOSX15.5.Internal.sdk/usr/local/lib    -lcrypto  -lruby.2.6 -lssl -lcrypto   "
ld: warning: ignoring duplicate libraries: '-lcrypto'
ld: warning: search path '/AppleInternal/Library/BuildRoots/1c8f7852-1ca9-11f0-b28b-226177e5bb69/Applications/Xcode.app/Contents/Developer/Platforms/MacOSX.platform/Developer/SDKs/MacOSX15.5.Internal.sdk/usr/local/libressl-by-deployment-target/14.0/lib' not found
ld: warning: search path '/AppleInternal/Library/BuildRoots/1c8f7852-1ca9-11f0-b28b-226177e5bb69/Applications/Xcode.app/Contents/Developer/Platforms/MacOSX.platform/Developer/SDKs/MacOSX15.5.Internal.sdk/usr/local/lib' not found
checked program was:
/* begin */
 1: #include "ruby.h"
 2: 
 3: /*top*/
 4: extern int t(void);
 5: int main(int argc, char **argv)
 6: {
 7:   if (argc > 1000000) {
 8:     int (* volatile tp)(void)=(int (*)(void))&t;
 9:     printf("%d", (*tp)());
10:   }
11: 
12:   return 0;
13: }
14: extern void SSL_CTX_new();
15: int t(void) { SSL_CTX_new(); return 0; }
/* end */

--------------------

have_header: checking for openssl/bio.h... -------------------- yes

"xcrun clang -I/Applications/Xcode.app/Contents/Developer/Platforms/MacOSX.platform/Developer/SDKs/MacOSX15.1.sdk/System/Library/Frameworks/Ruby.framework/Versions/2.6/usr/include/ruby-2.6.0/universal-darwin24 -I/Applications/Xcode.app/Contents/Developer/Platforms/MacOSX.platform/Developer/SDKs/MacOSX15.1.sdk/System/Library/Frameworks/Ruby.framework/Versions/2.6/usr/include/ruby-2.6.0/ruby/backward -I/Applications/Xcode.app/Contents/Developer/Platforms/MacOSX.platform/Developer/SDKs/MacOSX15.1.sdk/System/Library/Frameworks/Ruby.framework/Versions/2.6/usr/include/ruby-2.6.0 -I. -I/AppleInternal/Library/BuildRoots/1c8f7852-1ca9-11f0-b28b-226177e5bb69/Applications/Xcode.app/Contents/Developer/Platforms/MacOSX.platform/Developer/SDKs/MacOSX15.5.Internal.sdk/usr/local/libressl-by-deployment-target/14.0/include -D_XOPEN_SOURCE -D_DARWIN_C_SOURCE -D_DARWIN_UNLIMITED_SELECT -D_REENTRANT    -g -Os -pipe -DHAVE_GCC_ATOMIC_BUILTINS -fno-typed-memory-operations -fno-typed-cxx-new-delete -DUSE_FFI_CLOSURE_ALLOC   -c conftest.c"
checked program was:
/* begin */
1: #include "ruby.h"
2: 
3: #include <openssl/bio.h>
/* end */

--------------------

have_func: checking for DTLS_method() in openssl/ssl.h... -------------------- yes

"xcrun clang -o conftest -I/Applications/Xcode.app/Contents/Developer/Platforms/MacOSX.platform/Developer/SDKs/MacOSX15.1.sdk/System/Library/Frameworks/Ruby.framework/Versions/2.6/usr/include/ruby-2.6.0/universal-darwin24 -I/Applications/Xcode.app/Contents/Developer/Platforms/MacOSX.platform/Developer/SDKs/MacOSX15.1.sdk/System/Library/Frameworks/Ruby.framework/Versions/2.6/usr/include/ruby-2.6.0/ruby/backward -I/Applications/Xcode.app/Contents/Developer/Platforms/MacOSX.platform/Developer/SDKs/MacOSX15.1.sdk/System/Library/Frameworks/Ruby.framework/Versions/2.6/usr/include/ruby-2.6.0 -I. -I/AppleInternal/Library/BuildRoots/1c8f7852-1ca9-11f0-b28b-226177e5bb69/Applications/Xcode.app/Contents/Developer/Platforms/MacOSX.platform/Developer/SDKs/MacOSX15.5.Internal.sdk/usr/local/libressl-by-deployment-target/14.0/include -D_XOPEN_SOURCE -D_DARWIN_C_SOURCE -D_DARWIN_UNLIMITED_SELECT -D_REENTRANT    -g -Os -pipe -DHAVE_GCC_ATOMIC_BUILTINS -fno-typed-memory-operations -fno-typed-cxx-new-delete -DUSE_FFI_CLOSURE_ALLOC conftest.c  -L. -L/System/Library/Frameworks/Ruby.framework/Versions/2.6/usr/lib -L/AppleInternal/Library/BuildRoots/1c8f7852-1ca9-11f0-b28b-226177e5bb69/Applications/Xcode.app/Contents/Developer/Platforms/MacOSX.platform/Developer/SDKs/MacOSX15.5.Internal.sdk/usr/local/libressl-by-deployment-target/14.0/lib -L. -L/AppleInternal/Library/BuildRoots/1c8f7852-1ca9-11f0-b28b-226177e5bb69/Applications/Xcode.app/Contents/Developer/Platforms/MacOSX.platform/Developer/SDKs/MacOSX15.5.Internal.sdk/usr/local/lib    -lssl -lcrypto  -lruby.2.6 -lssl -lcrypto   "
ld: warning: ignoring duplicate libraries: '-lcrypto', '-lssl'
ld: warning: search path '/AppleInternal/Library/BuildRoots/1c8f7852-1ca9-11f0-b28b-226177e5bb69/Applications/Xcode.app/Contents/Developer/Platforms/MacOSX.platform/Developer/SDKs/MacOSX15.5.Internal.sdk/usr/local/libressl-by-deployment-target/14.0/lib' not found
ld: warning: search path '/AppleInternal/Library/BuildRoots/1c8f7852-1ca9-11f0-b28b-226177e5bb69/Applications/Xcode.app/Contents/Developer/Platforms/MacOSX.platform/Developer/SDKs/MacOSX15.5.Internal.sdk/usr/local/lib' not found
checked program was:
/* begin */
 1: #include "ruby.h"
 2: 
 3: #include <openssl/ssl.h>
 4: 
 5: /*top*/
 6: extern int t(void);
 7: int main(int argc, char **argv)
 8: {
 9:   if (argc > 1000000) {
10:     int (* volatile tp)(void)=(int (*)(void))&t;
11:     printf("%d", (*tp)());
12:   }
13: 
14:   return 0;
15: }
16: int t(void) { void ((*volatile p)()); p = (void ((*)()))DTLS_method; return !p; }
/* end */

--------------------

have_func: checking for TLS_server_method() in openssl/ssl.h... -------------------- yes

"xcrun clang -o conftest -I/Applications/Xcode.app/Contents/Developer/Platforms/MacOSX.platform/Developer/SDKs/MacOSX15.1.sdk/System/Library/Frameworks/Ruby.framework/Versions/2.6/usr/include/ruby-2.6.0/universal-darwin24 -I/Applications/Xcode.app/Contents/Developer/Platforms/MacOSX.platform/Developer/SDKs/MacOSX15.1.sdk/System/Library/Frameworks/Ruby.framework/Versions/2.6/usr/include/ruby-2.6.0/ruby/backward -I/Applications/Xcode.app/Contents/Developer/Platforms/MacOSX.platform/Developer/SDKs/MacOSX15.1.sdk/System/Library/Frameworks/Ruby.framework/Versions/2.6/usr/include/ruby-2.6.0 -I. -I/AppleInternal/Library/BuildRoots/1c8f7852-1ca9-11f0-b28b-226177e5bb69/Applications/Xcode.app/Contents/Developer/Platforms/MacOSX.platform/Developer/SDKs/MacOSX15.5.Internal.sdk/usr/local/libressl-by-deployment-target/14.0/include -D_XOPEN_SOURCE -D_DARWIN_C_SOURCE -D_DARWIN_UNLIMITED_SELECT -D_REENTRANT    -g -Os -pipe -DHAVE_GCC_ATOMIC_BUILTINS -fno-typed-memory-operations -fno-typed-cxx-new-delete -DUSE_FFI_CLOSURE_ALLOC conftest.c  -L. -L/System/Library/Frameworks/Ruby.framework/Versions/2.6/usr/lib -L/AppleInternal/Library/BuildRoots/1c8f7852-1ca9-11f0-b28b-226177e5bb69/Applications/Xcode.app/Contents/Developer/Platforms/MacOSX.platform/Developer/SDKs/MacOSX15.5.Internal.sdk/usr/local/libressl-by-deployment-target/14.0/lib -L. -L/AppleInternal/Library/BuildRoots/1c8f7852-1ca9-11f0-b28b-226177e5bb69/Applications/Xcode.app/Contents/Developer/Platforms/MacOSX.platform/Developer/SDKs/MacOSX15.5.Internal.sdk/usr/local/lib    -lssl -lcrypto  -lruby.2.6 -lssl -lcrypto   "
ld: warning: ignoring duplicate libraries: '-lcrypto', '-lssl'
ld: warning: search path '/AppleInternal/Library/BuildRoots/1c8f7852-1ca9-11f0-b28b-226177e5bb69/Applications/Xcode.app/Contents/Developer/Platforms/MacOSX.platform/Developer/SDKs/MacOSX15.5.Internal.sdk/usr/local/libressl-by-deployment-target/14.0/lib' not found
ld: warning: search path '/AppleInternal/Library/BuildRoots/1c8f7852-1ca9-11f0-b28b-226177e5bb69/Applications/Xcode.app/Contents/Developer/Platforms/MacOSX.platform/Developer/SDKs/MacOSX15.5.Internal.sdk/usr/local/lib' not found
checked program was:
/* begin */
 1: #include "ruby.h"
 2: 
 3: #include <openssl/ssl.h>
 4: 
 5: /*top*/
 6: extern int t(void);
 7: int main(int argc, char **argv)
 8: {
 9:   if (argc > 1000000) {
10:     int (* volatile tp)(void)=(int (*)(void))&t;
11:     printf("%d", (*tp)());
12:   }
13: 
14:   return 0;
15: }
16: int t(void) { void ((*volatile p)()); p = (void ((*)()))TLS_server_method; return !p; }
/* end */

--------------------

have_func: checking for SSL_CTX_set_min_proto_version(NULL, 0) in openssl/ssl.h... -------------------- yes

"xcrun clang -o conftest -I/Applications/Xcode.app/Contents/Developer/Platforms/MacOSX.platform/Developer/SDKs/MacOSX15.1.sdk/System/Library/Frameworks/Ruby.framework/Versions/2.6/usr/include/ruby-2.6.0/universal-darwin24 -I/Applications/Xcode.app/Contents/Developer/Platforms/MacOSX.platform/Developer/SDKs/MacOSX15.1.sdk/System/Library/Frameworks/Ruby.framework/Versions/2.6/usr/include/ruby-2.6.0/ruby/backward -I/Applications/Xcode.app/Contents/Developer/Platforms/MacOSX.platform/Developer/SDKs/MacOSX15.1.sdk/System/Library/Frameworks/Ruby.framework/Versions/2.6/usr/include/ruby-2.6.0 -I. -I/AppleInternal/Library/BuildRoots/1c8f7852-1ca9-11f0-b28b-226177e5bb69/Applications/Xcode.app/Contents/Developer/Platforms/MacOSX.platform/Developer/SDKs/MacOSX15.5.Internal.sdk/usr/local/libressl-by-deployment-target/14.0/include -D_XOPEN_SOURCE -D_DARWIN_C_SOURCE -D_DARWIN_UNLIMITED_SELECT -D_REENTRANT    -g -Os -pipe -DHAVE_GCC_ATOMIC_BUILTINS -fno-typed-memory-operations -fno-typed-cxx-new-delete -DUSE_FFI_CLOSURE_ALLOC conftest.c  -L. -L/System/Library/Frameworks/Ruby.framework/Versions/2.6/usr/lib -L/AppleInternal/Library/BuildRoots/1c8f7852-1ca9-11f0-b28b-226177e5bb69/Applications/Xcode.app/Contents/Developer/Platforms/MacOSX.platform/Developer/SDKs/MacOSX15.5.Internal.sdk/usr/local/libressl-by-deployment-target/14.0/lib -L. -L/AppleInternal/Library/BuildRoots/1c8f7852-1ca9-11f0-b28b-226177e5bb69/Applications/Xcode.app/Contents/Developer/Platforms/MacOSX.platform/Developer/SDKs/MacOSX15.5.Internal.sdk/usr/local/lib    -lssl -lcrypto  -lruby.2.6 -lssl -lcrypto   "
ld: warning: ignoring duplicate libraries: '-lcrypto', '-lssl'
ld: warning: search path '/AppleInternal/Library/BuildRoots/1c8f7852-1ca9-11f0-b28b-226177e5bb69/Applications/Xcode.app/Contents/Developer/Platforms/MacOSX.platform/Developer/SDKs/MacOSX15.5.Internal.sdk/usr/local/libressl-by-deployment-target/14.0/lib' not found
ld: warning: search path '/AppleInternal/Library/BuildRoots/1c8f7852-1ca9-11f0-b28b-226177e5bb69/Applications/Xcode.app/Contents/Developer/Platforms/MacOSX.platform/Developer/SDKs/MacOSX15.5.Internal.sdk/usr/local/lib' not found
checked program was:
/* begin */
 1: #include "ruby.h"
 2: 
 3: #include <openssl/ssl.h>
 4: 
 5: /*top*/
 6: extern int t(void);
 7: int main(int argc, char **argv)
 8: {
 9:   if (argc > 1000000) {
10:     int (* volatile tp)(void)=(int (*)(void))&t;
11:     printf("%d", (*tp)());
12:   }
13: 
14:   return 0;
15: }
16: 
17: int t(void) { SSL_CTX_set_min_proto_version(NULL, 0); return 0; }
/* end */

--------------------

have_func: checking for X509_STORE_up_ref()... -------------------- yes

"xcrun clang -o conftest -I/Applications/Xcode.app/Contents/Developer/Platforms/MacOSX.platform/Developer/SDKs/MacOSX15.1.sdk/System/Library/Frameworks/Ruby.framework/Versions/2.6/usr/include/ruby-2.6.0/universal-darwin24 -I/Applications/Xcode.app/Contents/Developer/Platforms/MacOSX.platform/Developer/SDKs/MacOSX15.1.sdk/System/Library/Frameworks/Ruby.framework/Versions/2.6/usr/include/ruby-2.6.0/ruby/backward -I/Applications/Xcode.app/Contents/Developer/Platforms/MacOSX.platform/Developer/SDKs/MacOSX15.1.sdk/System/Library/Frameworks/Ruby.framework/Versions/2.6/usr/include/ruby-2.6.0 -I. -I/AppleInternal/Library/BuildRoots/1c8f7852-1ca9-11f0-b28b-226177e5bb69/Applications/Xcode.app/Contents/Developer/Platforms/MacOSX.platform/Developer/SDKs/MacOSX15.5.Internal.sdk/usr/local/libressl-by-deployment-target/14.0/include -D_XOPEN_SOURCE -D_DARWIN_C_SOURCE -D_DARWIN_UNLIMITED_SELECT -D_REENTRANT    -g -Os -pipe -DHAVE_GCC_ATOMIC_BUILTINS -fno-typed-memory-operations -fno-typed-cxx-new-delete -DUSE_FFI_CLOSURE_ALLOC conftest.c  -L. -L/System/Library/Frameworks/Ruby.framework/Versions/2.6/usr/lib -L/AppleInternal/Library/BuildRoots/1c8f7852-1ca9-11f0-b28b-226177e5bb69/Applications/Xcode.app/Contents/Developer/Platforms/MacOSX.platform/Developer/SDKs/MacOSX15.5.Internal.sdk/usr/local/libressl-by-deployment-target/14.0/lib -L. -L/AppleInternal/Library/BuildRoots/1c8f7852-1ca9-11f0-b28b-226177e5bb69/Applications/Xcode.app/Contents/Developer/Platforms/MacOSX.platform/Developer/SDKs/MacOSX15.5.Internal.sdk/usr/local/lib    -lssl -lcrypto  -lruby.2.6 -lssl -lcrypto   "
conftest.c:14:57: error: use of undeclared identifier 'X509_STORE_up_ref'
   14 | int t(void) { void ((*volatile p)()); p = (void ((*)()))X509_STORE_up_ref; return !p; }
      |                                                         ^
1 error generated.
checked program was:
/* begin */
 1: #include "ruby.h"
 2: 
 3: /*top*/
 4: extern int t(void);
 5: int main(int argc, char **argv)
 6: {
 7:   if (argc > 1000000) {
 8:     int (* volatile tp)(void)=(int (*)(void))&t;
 9:     printf("%d", (*tp)());
10:   }
11: 
12:   return 0;
13: }
14: int t(void) { void ((*volatile p)()); p = (void ((*)()))X509_STORE_up_ref; return !p; }
/* end */

"xcrun clang -o conftest -I/Applications/Xcode.app/Contents/Developer/Platforms/MacOSX.platform/Developer/SDKs/MacOSX15.1.sdk/System/Library/Frameworks/Ruby.framework/Versions/2.6/usr/include/ruby-2.6.0/universal-darwin24 -I/Applications/Xcode.app/Contents/Developer/Platforms/MacOSX.platform/Developer/SDKs/MacOSX15.1.sdk/System/Library/Frameworks/Ruby.framework/Versions/2.6/usr/include/ruby-2.6.0/ruby/backward -I/Applications/Xcode.app/Contents/Developer/Platforms/MacOSX.platform/Developer/SDKs/MacOSX15.1.sdk/System/Library/Frameworks/Ruby.framework/Versions/2.6/usr/include/ruby-2.6.0 -I. -I/AppleInternal/Library/BuildRoots/1c8f7852-1ca9-11f0-b28b-226177e5bb69/Applications/Xcode.app/Contents/Developer/Platforms/MacOSX.platform/Developer/SDKs/MacOSX15.5.Internal.sdk/usr/local/libressl-by-deployment-target/14.0/include -D_XOPEN_SOURCE -D_DARWIN_C_SOURCE -D_DARWIN_UNLIMITED_SELECT -D_REENTRANT    -g -Os -pipe -DHAVE_GCC_ATOMIC_BUILTINS -fno-typed-memory-operations -fno-typed-cxx-new-delete -DUSE_FFI_CLOSURE_ALLOC conftest.c  -L. -L/System/Library/Frameworks/Ruby.framework/Versions/2.6/usr/lib -L/AppleInternal/Library/BuildRoots/1c8f7852-1ca9-11f0-b28b-226177e5bb69/Applications/Xcode.app/Contents/Developer/Platforms/MacOSX.platform/Developer/SDKs/MacOSX15.5.Internal.sdk/usr/local/libressl-by-deployment-target/14.0/lib -L. -L/AppleInternal/Library/BuildRoots/1c8f7852-1ca9-11f0-b28b-226177e5bb69/Applications/Xcode.app/Contents/Developer/Platforms/MacOSX.platform/Developer/SDKs/MacOSX15.5.Internal.sdk/usr/local/lib    -lssl -lcrypto  -lruby.2.6 -lssl -lcrypto   "
ld: warning: ignoring duplicate libraries: '-lcrypto', '-lssl'
ld: warning: search path '/AppleInternal/Library/BuildRoots/1c8f7852-1ca9-11f0-b28b-226177e5bb69/Applications/Xcode.app/Contents/Developer/Platforms/MacOSX.platform/Developer/SDKs/MacOSX15.5.Internal.sdk/usr/local/libressl-by-deployment-target/14.0/lib' not found
ld: warning: search path '/AppleInternal/Library/BuildRoots/1c8f7852-1ca9-11f0-b28b-226177e5bb69/Applications/Xcode.app/Contents/Developer/Platforms/MacOSX.platform/Developer/SDKs/MacOSX15.5.Internal.sdk/usr/local/lib' not found
checked program was:
/* begin */
 1: #include "ruby.h"
 2: 
 3: /*top*/
 4: extern int t(void);
 5: int main(int argc, char **argv)
 6: {
 7:   if (argc > 1000000) {
 8:     int (* volatile tp)(void)=(int (*)(void))&t;
 9:     printf("%d", (*tp)());
10:   }
11: 
12:   return 0;
13: }
14: extern void X509_STORE_up_ref();
15: int t(void) { X509_STORE_up_ref(); return 0; }
/* end */

--------------------

have_func: checking for SSL_CTX_set_ecdh_auto(NULL, 0) in openssl/ssl.h... -------------------- yes

"xcrun clang -o conftest -I/Applications/Xcode.app/Contents/Developer/Platforms/MacOSX.platform/Developer/SDKs/MacOSX15.1.sdk/System/Library/Frameworks/Ruby.framework/Versions/2.6/usr/include/ruby-2.6.0/universal-darwin24 -I/Applications/Xcode.app/Contents/Developer/Platforms/MacOSX.platform/Developer/SDKs/MacOSX15.1.sdk/System/Library/Frameworks/Ruby.framework/Versions/2.6/usr/include/ruby-2.6.0/ruby/backward -I/Applications/Xcode.app/Contents/Developer/Platforms/MacOSX.platform/Developer/SDKs/MacOSX15.1.sdk/System/Library/Frameworks/Ruby.framework/Versions/2.6/usr/include/ruby-2.6.0 -I. -I/AppleInternal/Library/BuildRoots/1c8f7852-1ca9-11f0-b28b-226177e5bb69/Applications/Xcode.app/Contents/Developer/Platforms/MacOSX.platform/Developer/SDKs/MacOSX15.5.Internal.sdk/usr/local/libressl-by-deployment-target/14.0/include -D_XOPEN_SOURCE -D_DARWIN_C_SOURCE -D_DARWIN_UNLIMITED_SELECT -D_REENTRANT    -g -Os -pipe -DHAVE_GCC_ATOMIC_BUILTINS -fno-typed-memory-operations -fno-typed-cxx-new-delete -DUSE_FFI_CLOSURE_ALLOC conftest.c  -L. -L/System/Library/Frameworks/Ruby.framework/Versions/2.6/usr/lib -L/AppleInternal/Library/BuildRoots/1c8f7852-1ca9-11f0-b28b-226177e5bb69/Applications/Xcode.app/Contents/Developer/Platforms/MacOSX.platform/Developer/SDKs/MacOSX15.5.Internal.sdk/usr/local/libressl-by-deployment-target/14.0/lib -L. -L/AppleInternal/Library/BuildRoots/1c8f7852-1ca9-11f0-b28b-226177e5bb69/Applications/Xcode.app/Contents/Developer/Platforms/MacOSX.platform/Developer/SDKs/MacOSX15.5.Internal.sdk/usr/local/lib    -lssl -lcrypto  -lruby.2.6 -lssl -lcrypto   "
ld: warning: ignoring duplicate libraries: '-lcrypto', '-lssl'
ld: warning: search path '/AppleInternal/Library/BuildRoots/1c8f7852-1ca9-11f0-b28b-226177e5bb69/Applications/Xcode.app/Contents/Developer/Platforms/MacOSX.platform/Developer/SDKs/MacOSX15.5.Internal.sdk/usr/local/libressl-by-deployment-target/14.0/lib' not found
ld: warning: search path '/AppleInternal/Library/BuildRoots/1c8f7852-1ca9-11f0-b28b-226177e5bb69/Applications/Xcode.app/Contents/Developer/Platforms/MacOSX.platform/Developer/SDKs/MacOSX15.5.Internal.sdk/usr/local/lib' not found
checked program was:
/* begin */
 1: #include "ruby.h"
 2: 
 3: #include <openssl/ssl.h>
 4: 
 5: /*top*/
 6: extern int t(void);
 7: int main(int argc, char **argv)
 8: {
 9:   if (argc > 1000000) {
10:     int (* volatile tp)(void)=(int (*)(void))&t;
11:     printf("%d", (*tp)());
12:   }
13: 
14:   return 0;
15: }
16: 
17: int t(void) { SSL_CTX_set_ecdh_auto(NULL, 0); return 0; }
/* end */

--------------------

have_func: checking for SSL_CTX_set_dh_auto(NULL, 0) in openssl/ssl.h... -------------------- yes

"xcrun clang -o conftest -I/Applications/Xcode.app/Contents/Developer/Platforms/MacOSX.platform/Developer/SDKs/MacOSX15.1.sdk/System/Library/Frameworks/Ruby.framework/Versions/2.6/usr/include/ruby-2.6.0/universal-darwin24 -I/Applications/Xcode.app/Contents/Developer/Platforms/MacOSX.platform/Developer/SDKs/MacOSX15.1.sdk/System/Library/Frameworks/Ruby.framework/Versions/2.6/usr/include/ruby-2.6.0/ruby/backward -I/Applications/Xcode.app/Contents/Developer/Platforms/MacOSX.platform/Developer/SDKs/MacOSX15.1.sdk/System/Library/Frameworks/Ruby.framework/Versions/2.6/usr/include/ruby-2.6.0 -I. -I/AppleInternal/Library/BuildRoots/1c8f7852-1ca9-11f0-b28b-226177e5bb69/Applications/Xcode.app/Contents/Developer/Platforms/MacOSX.platform/Developer/SDKs/MacOSX15.5.Internal.sdk/usr/local/libressl-by-deployment-target/14.0/include -D_XOPEN_SOURCE -D_DARWIN_C_SOURCE -D_DARWIN_UNLIMITED_SELECT -D_REENTRANT    -g -Os -pipe -DHAVE_GCC_ATOMIC_BUILTINS -fno-typed-memory-operations -fno-typed-cxx-new-delete -DUSE_FFI_CLOSURE_ALLOC conftest.c  -L. -L/System/Library/Frameworks/Ruby.framework/Versions/2.6/usr/lib -L/AppleInternal/Library/BuildRoots/1c8f7852-1ca9-11f0-b28b-226177e5bb69/Applications/Xcode.app/Contents/Developer/Platforms/MacOSX.platform/Developer/SDKs/MacOSX15.5.Internal.sdk/usr/local/libressl-by-deployment-target/14.0/lib -L. -L/AppleInternal/Library/BuildRoots/1c8f7852-1ca9-11f0-b28b-226177e5bb69/Applications/Xcode.app/Contents/Developer/Platforms/MacOSX.platform/Developer/SDKs/MacOSX15.5.Internal.sdk/usr/local/lib    -lssl -lcrypto  -lruby.2.6 -lssl -lcrypto   "
ld: warning: ignoring duplicate libraries: '-lcrypto', '-lssl'
ld: warning: search path '/AppleInternal/Library/BuildRoots/1c8f7852-1ca9-11f0-b28b-226177e5bb69/Applications/Xcode.app/Contents/Developer/Platforms/MacOSX.platform/Developer/SDKs/MacOSX15.5.Internal.sdk/usr/local/libressl-by-deployment-target/14.0/lib' not found
ld: warning: search path '/AppleInternal/Library/BuildRoots/1c8f7852-1ca9-11f0-b28b-226177e5bb69/Applications/Xcode.app/Contents/Developer/Platforms/MacOSX.platform/Developer/SDKs/MacOSX15.5.Internal.sdk/usr/local/lib' not found
checked program was:
/* begin */
 1: #include "ruby.h"
 2: 
 3: #include <openssl/ssl.h>
 4: 
 5: /*top*/
 6: extern int t(void);
 7: int main(int argc, char **argv)
 8: {
 9:   if (argc > 1000000) {
10:     int (* volatile tp)(void)=(int (*)(void))&t;
11:     printf("%d", (*tp)());
12:   }
13: 
14:   return 0;
15: }
16: 
17: int t(void) { SSL_CTX_set_dh_auto(NULL, 0); return 0; }
/* end */

--------------------

have_func: checking for SSL_get1_peer_certificate() in openssl/ssl.h... -------------------- yes

"xcrun clang -o conftest -I/Applications/Xcode.app/Contents/Developer/Platforms/MacOSX.platform/Developer/SDKs/MacOSX15.1.sdk/System/Library/Frameworks/Ruby.framework/Versions/2.6/usr/include/ruby-2.6.0/universal-darwin24 -I/Applications/Xcode.app/Contents/Developer/Platforms/MacOSX.platform/Developer/SDKs/MacOSX15.1.sdk/System/Library/Frameworks/Ruby.framework/Versions/2.6/usr/include/ruby-2.6.0/ruby/backward -I/Applications/Xcode.app/Contents/Developer/Platforms/MacOSX.platform/Developer/SDKs/MacOSX15.1.sdk/System/Library/Frameworks/Ruby.framework/Versions/2.6/usr/include/ruby-2.6.0 -I. -I/AppleInternal/Library/BuildRoots/1c8f7852-1ca9-11f0-b28b-226177e5bb69/Applications/Xcode.app/Contents/Developer/Platforms/MacOSX.platform/Developer/SDKs/MacOSX15.5.Internal.sdk/usr/local/libressl-by-deployment-target/14.0/include -D_XOPEN_SOURCE -D_DARWIN_C_SOURCE -D_DARWIN_UNLIMITED_SELECT -D_REENTRANT    -g -Os -pipe -DHAVE_GCC_ATOMIC_BUILTINS -fno-typed-memory-operations -fno-typed-cxx-new-delete -DUSE_FFI_CLOSURE_ALLOC conftest.c  -L. -L/System/Library/Frameworks/Ruby.framework/Versions/2.6/usr/lib -L/AppleInternal/Library/BuildRoots/1c8f7852-1ca9-11f0-b28b-226177e5bb69/Applications/Xcode.app/Contents/Developer/Platforms/MacOSX.platform/Developer/SDKs/MacOSX15.5.Internal.sdk/usr/local/libressl-by-deployment-target/14.0/lib -L. -L/AppleInternal/Library/BuildRoots/1c8f7852-1ca9-11f0-b28b-226177e5bb69/Applications/Xcode.app/Contents/Developer/Platforms/MacOSX.platform/Developer/SDKs/MacOSX15.5.Internal.sdk/usr/local/lib    -lssl -lcrypto  -lruby.2.6 -lssl -lcrypto   "
ld: warning: ignoring duplicate libraries: '-lcrypto', '-lssl'
ld: warning: search path '/AppleInternal/Library/BuildRoots/1c8f7852-1ca9-11f0-b28b-226177e5bb69/Applications/Xcode.app/Contents/Developer/Platforms/MacOSX.platform/Developer/SDKs/MacOSX15.5.Internal.sdk/usr/local/libressl-by-deployment-target/14.0/lib' not found
ld: warning: search path '/AppleInternal/Library/BuildRoots/1c8f7852-1ca9-11f0-b28b-226177e5bb69/Applications/Xcode.app/Contents/Developer/Platforms/MacOSX.platform/Developer/SDKs/MacOSX15.5.Internal.sdk/usr/local/lib' not found
checked program was:
/* begin */
 1: #include "ruby.h"
 2: 
 3: #include <openssl/ssl.h>
 4: 
 5: /*top*/
 6: extern int t(void);
 7: int main(int argc, char **argv)
 8: {
 9:   if (argc > 1000000) {
10:     int (* volatile tp)(void)=(int (*)(void))&t;
11:     printf("%d", (*tp)());
12:   }
13: 
14:   return 0;
15: }
16: int t(void) { void ((*volatile p)()); p = (void ((*)()))SSL_get1_peer_certificate; return !p; }
/* end */

--------------------

